#
# There is insufficient memory for the Java Runtime Environment to continue.
# Native memory allocation (malloc) failed to allocate 34603008 bytes for committing reserved memory.
# Possible reasons:
#   The system is out of physical RAM or swap space
#   In 32 bit mode, the process size limit was hit
# Possible solutions:
#   Reduce memory load on the system
#   Increase physical memory or swap space
#   Check if swap backing store is full
#   Use 64 bit Java on a 64 bit OS
#   Decrease Java heap size (-Xmx/-Xms)
#   Decrease number of Java threads
#   Decrease Java thread stack sizes (-Xss)
#   Set larger code cache with -XX:ReservedCodeCacheSize=
# This output file may be truncated or incomplete.
#
#  Out of Memory Error (os_linux.cpp:2798), pid=10119, tid=2112699200
#
# JRE version: OpenJDK Runtime Environment (7.0_65-b32) (build 1.7.0_65-b32)
# Java VM: OpenJDK Server VM (24.65-b04 mixed mode linux-x86 )
# Failed to write core dump. Core dumps have been disabled. To enable core dumping, try "ulimit -c unlimited" before starting Java again
#

---------------  T H R E A D  ---------------

Current thread (0x7dd81000):  VMThread [stack: 0x7de53000,0x7ded4000] [id=10131]

Stack: [0x7de53000,0x7ded4000]
VM_Operation (0x7c95ba24): ParallelGCFailedAllocation, mode: safepoint, requested by thread 0x7ca66000


---------------  P R O C E S S  ---------------

Java Threads: ( => current thread )
  0x7c849400 JavaThread "TimerQueue" daemon [_thread_blocked, id=10204, stack(0x7c58b000,0x7c5dc000)]
  0x7dcc2400 JavaThread "SwingWorker-pool-1-thread-1" daemon [_thread_blocked, id=10203, stack(0x7c5dc000,0x7c62d000)]
  0xb6206800 JavaThread "DestroyJavaVM" [_thread_blocked, id=10126, stack(0xb63f2000,0xb6443000)]
  0x7ca66000 JavaThread "AWT-EventQueue-0" [_thread_blocked, id=10158, stack(0x7c90d000,0x7c95e000)]
  0x7ca64c00 JavaThread "AWT-Shutdown" [_thread_blocked, id=10157, stack(0x7c95e000,0x7c9af000)]
  0x7ca62c00 JavaThread "AWT-XAWT" daemon [_thread_blocked, id=10156, stack(0x7c9af000,0x7ca00000)]
  0x7ca50c00 JavaThread "Java2D Disposer" daemon [_thread_blocked, id=10152, stack(0x7cb29000,0x7cb7a000)]
  0x7dd9c800 JavaThread "Service Thread" daemon [_thread_blocked, id=10140, stack(0x7d824000,0x7d875000)]
  0x7dd9a800 JavaThread "C2 CompilerThread1" daemon [_thread_blocked, id=10139, stack(0x7d875000,0x7d8f6000)]
  0x7dd98800 JavaThread "C2 CompilerThread0" daemon [_thread_blocked, id=10138, stack(0x7d8f6000,0x7d977000)]
  0x7dd97000 JavaThread "Signal Dispatcher" daemon [_thread_blocked, id=10137, stack(0x7de02000,0x7de53000)]
  0x7dd85400 JavaThread "Finalizer" daemon [_thread_blocked, id=10133, stack(0x7fe2e000,0x7fe7f000)]
  0x7dd83c00 JavaThread "Reference Handler" daemon [_thread_blocked, id=10132, stack(0x8002e000,0x8007f000)]

Other Threads:
=>0x7dd81000 VMThread [stack: 0x7de53000,0x7ded4000] [id=10131]
  0x7dd9e800 WatcherThread [stack: 0x7d7a3000,0x7d824000] [id=10141]

VM state:at safepoint (normal execution)

VM Mutex/Monitor currently owned by a thread:  ([mutex/lock_event])
[0xb6204cd8] Threads_lock - owner thread: 0x7dd81000
[0xb62050e8] Heap_lock - owner thread: 0x7ca66000

Heap
 PSYoungGen      total 57088K, used 2804K [0xa4dc0000, 0xa8840000, 0xb3140000)
  eden space 54272K, 0% used [0xa4dc0000,0xa4dc0000,0xa82c0000)
  from space 2816K, 99% used [0xa82c0000,0xa857d3c8,0xa8580000)
  to   space 2816K, 0% used [0xa8580000,0xa8580000,0xa8840000)
 ParOldGen       total 28928K, used 3511K [0x88740000, 0x8a380000, 0xa4dc0000)
  object space 28928K, 12% used [0x88740000,0x88aadd90,0x8a380000)
 PSPermGen       total 16384K, used 7778K [0x80740000, 0x81740000, 0x88740000)
  object space 16384K, 47% used [0x80740000,0x80ed8b40,0x81740000)

Card table byte_map: [0x805aa000,0x80740000] byte_map_base: 0x801a6600

Polling page: 0xb7789000

Code Cache  [0xb3200000, 0xb3440000, 0xb6200000)
 total_blobs=487 nmethods=255 adapters=185 free_code_cache=48376Kb largest_free_block=49521920

Compilation events (10 events):
Event: 29.789 Thread 0x7dd98800  251             java.util.concurrent.locks.AbstractQueuedSynchronizer::setState (6 bytes)
Event: 29.789 Thread 0x7dd98800 nmethod 251 0xb32be988 code [0xb32bea60, 0xb32beab0]
Event: 29.839 Thread 0x7dd9a800  252             java.util.concurrent.locks.ReentrantLock$NonfairSync::lock (25 bytes)
Event: 29.839 Thread 0x7dd98800  253             java.util.concurrent.locks.ReentrantLock::lock (8 bytes)
Event: 29.841 Thread 0x7dd98800 nmethod 253 0xb32be5c8 code [0xb32be6e0, 0xb32be7f8]
Event: 29.841 Thread 0x7dd9a800 nmethod 252 0xb32be1c8 code [0xb32be2e0, 0xb32be3d8]
Event: 30.284 Thread 0x7dd9a800  254             image_aproximation.Population::cross (138 bytes)
Event: 30.284 Thread 0x7dd98800  255             java.util.LinkedList::clone (53 bytes)
Event: 30.287 Thread 0x7dd98800 nmethod 255 0xb32c3e88 code [0xb32c3fa0, 0xb32c413c]
Event: 30.395 Thread 0x7dd9a800 nmethod 254 0xb32c1988 code [0xb32c1b60, 0xb32c2bc4]

GC Heap History (10 events):
Event: 22.917 GC heap after
Heap after GC invocations=8 (full 0):
 PSYoungGen      total 23552K, used 1156K [0xa4dc0000, 0xa6740000, 0xb3140000)
  eden space 20992K, 0% used [0xa4dc0000,0xa4dc0000,0xa6240000)
  from space 2560K, 45% used [0xa64c0000,0xa65e13c0,0xa6740000)
  to   space 2560K, 0% used [0xa6240000,0xa6240000,0xa64c0000)
 ParOldGen       total 28928K, used 1867K [0x88740000, 0x8a380000, 0xa4dc0000)
  object space 28928K, 6% used [0x88740000,0x88912d88,0x8a380000)
 PSPermGen       total 16384K, used 7775K [0x80740000, 0x81740000, 0x88740000)
  object space 16384K, 47% used [0x80740000,0x80ed7e70,0x81740000)
}
Event: 23.696 GC heap before
{Heap before GC invocations=9 (full 0):
 PSYoungGen      total 23552K, used 22148K [0xa4dc0000, 0xa6740000, 0xb3140000)
  eden space 20992K, 100% used [0xa4dc0000,0xa6240000,0xa6240000)
  from space 2560K, 45% used [0xa64c0000,0xa65e13c0,0xa6740000)
  to   space 2560K, 0% used [0xa6240000,0xa6240000,0xa64c0000)
 ParOldGen       total 28928K, used 1867K [0x88740000, 0x8a380000, 0xa4dc0000)
  object space 28928K, 6% used [0x88740000,0x88912d88,0x8a380000)
 PSPermGen       total 16384K, used 7776K [0x80740000, 0x81740000, 0x88740000)
  object space 16384K, 47% used [0x80740000,0x80ed8198,0x81740000)
Event: 23.703 GC heap after
Heap after GC invocations=9 (full 0):
 PSYoungGen      total 23552K, used 1676K [0xa4dc0000, 0xa73c0000, 0xb3140000)
  eden space 20992K, 0% used [0xa4dc0000,0xa4dc0000,0xa6240000)
  from space 2560K, 65% used [0xa6240000,0xa63e3010,0xa64c0000)
  to   space 2560K, 0% used [0xa7140000,0xa7140000,0xa73c0000)
 ParOldGen       total 28928K, used 1875K [0x88740000, 0x8a380000, 0xa4dc0000)
  object space 28928K, 6% used [0x88740000,0x88914d88,0x8a380000)
 PSPermGen       total 16384K, used 7776K [0x80740000, 0x81740000, 0x88740000)
  object space 16384K, 47% used [0x80740000,0x80ed8198,0x81740000)
}
Event: 24.436 GC heap before
{Heap before GC invocations=10 (full 0):
 PSYoungGen      total 23552K, used 22668K [0xa4dc0000, 0xa73c0000, 0xb3140000)
  eden space 20992K, 100% used [0xa4dc0000,0xa6240000,0xa6240000)
  from space 2560K, 65% used [0xa6240000,0xa63e3010,0xa64c0000)
  to   space 2560K, 0% used [0xa7140000,0xa7140000,0xa73c0000)
 ParOldGen       total 28928K, used 1875K [0x88740000, 0x8a380000, 0xa4dc0000)
  object space 28928K, 6% used [0x88740000,0x88914d88,0x8a380000)
 PSPermGen       total 16384K, used 7776K [0x80740000, 0x81740000, 0x88740000)
  object space 16384K, 47% used [0x80740000,0x80ed8198,0x81740000)
Event: 24.445 GC heap after
Heap after GC invocations=10 (full 0):
 PSYoungGen      total 36352K, used 1956K [0xa4dc0000, 0xa73c0000, 0xb3140000)
  eden space 33792K, 0% used [0xa4dc0000,0xa4dc0000,0xa6ec0000)
  from space 2560K, 76% used [0xa7140000,0xa73293c8,0xa73c0000)
  to   space 2560K, 0% used [0xa6ec0000,0xa6ec0000,0xa7140000)
 ParOldGen       total 28928K, used 1879K [0x88740000, 0x8a380000, 0xa4dc0000)
  object space 28928K, 6% used [0x88740000,0x88915d88,0x8a380000)
 PSPermGen       total 16384K, used 7776K [0x80740000, 0x81740000, 0x88740000)
  object space 16384K, 47% used [0x80740000,0x80ed8198,0x81740000)
}
Event: 25.964 GC heap before
{Heap before GC invocations=11 (full 0):
 PSYoungGen      total 36352K, used 35748K [0xa4dc0000, 0xa73c0000, 0xb3140000)
  eden space 33792K, 100% used [0xa4dc0000,0xa6ec0000,0xa6ec0000)
  from space 2560K, 76% used [0xa7140000,0xa73293c8,0xa73c0000)
  to   space 2560K, 0% used [0xa6ec0000,0xa6ec0000,0xa7140000)
 ParOldGen       total 28928K, used 1879K [0x88740000, 0x8a380000, 0xa4dc0000)
  object space 28928K, 6% used [0x88740000,0x88915d88,0x8a380000)
 PSPermGen       total 16384K, used 7776K [0x80740000, 0x81740000, 0x88740000)
  object space 16384K, 47% used [0x80740000,0x80ed82a0,0x81740000)
Event: 25.975 GC heap after
Heap after GC invocations=11 (full 0):
 PSYoungGen      total 36352K, used 2436K [0xa4dc0000, 0xa8840000, 0xb3140000)
  eden space 33792K, 0% used [0xa4dc0000,0xa4dc0000,0xa6ec0000)
  from space 2560K, 95% used [0xa6ec0000,0xa71213c0,0xa7140000)
  to   space 2816K, 0% used [0xa8580000,0xa8580000,0xa8840000)
 ParOldGen       total 28928K, used 2599K [0x88740000, 0x8a380000, 0xa4dc0000)
  object space 28928K, 8% used [0x88740000,0x889c9d90,0x8a380000)
 PSPermGen       total 16384K, used 7776K [0x80740000, 0x81740000, 0x88740000)
  object space 16384K, 47% used [0x80740000,0x80ed82a0,0x81740000)
}
Event: 27.750 GC heap before
{Heap before GC invocations=12 (full 0):
 PSYoungGen      total 36352K, used 36228K [0xa4dc0000, 0xa8840000, 0xb3140000)
  eden space 33792K, 100% used [0xa4dc0000,0xa6ec0000,0xa6ec0000)
  from space 2560K, 95% used [0xa6ec0000,0xa71213c0,0xa7140000)
  to   space 2816K, 0% used [0xa8580000,0xa8580000,0xa8840000)
 ParOldGen       total 28928K, used 2599K [0x88740000, 0x8a380000, 0xa4dc0000)
  object space 28928K, 8% used [0x88740000,0x889c9d90,0x8a380000)
 PSPermGen       total 16384K, used 7777K [0x80740000, 0x81740000, 0x88740000)
  object space 16384K, 47% used [0x80740000,0x80ed87d0,0x81740000)
Event: 27.769 GC heap after
Heap after GC invocations=12 (full 0):
 PSYoungGen      total 57088K, used 2164K [0xa4dc0000, 0xa8840000, 0xb3140000)
  eden space 54272K, 0% used [0xa4dc0000,0xa4dc0000,0xa82c0000)
  from space 2816K, 76% used [0xa8580000,0xa879d3c0,0xa8840000)
  to   space 2816K, 0% used [0xa82c0000,0xa82c0000,0xa8580000)
 ParOldGen       total 28928K, used 2615K [0x88740000, 0x8a380000, 0xa4dc0000)
  object space 28928K, 9% used [0x88740000,0x889cdd90,0x8a380000)
 PSPermGen       total 16384K, used 7777K [0x80740000, 0x81740000, 0x88740000)
  object space 16384K, 47% used [0x80740000,0x80ed87d0,0x81740000)
}
Event: 30.510 GC heap before
{Heap before GC invocations=13 (full 0):
 PSYoungGen      total 57088K, used 56436K [0xa4dc0000, 0xa8840000, 0xb3140000)
  eden space 54272K, 100% used [0xa4dc0000,0xa82c0000,0xa82c0000)
  from space 2816K, 76% used [0xa8580000,0xa879d3c0,0xa8840000)
  to   space 2816K, 0% used [0xa82c0000,0xa82c0000,0xa8580000)
 ParOldGen       total 28928K, used 2615K [0x88740000, 0x8a380000, 0xa4dc0000)
  object space 28928K, 9% used [0x88740000,0x889cdd90,0x8a380000)
 PSPermGen       total 16384K, used 7778K [0x80740000, 0x81740000, 0x88740000)
  object space 16384K, 47% used [0x80740000,0x80ed8b40,0x81740000)

Deoptimization events (9 events):
Event: 8.953 Thread 0x7ca66000 Uncommon trap: reason=class_check action=maybe_recompile pc=0xb3257200 method=java.util.Properties$LineReader.readLine()I @ 62
Event: 8.968 Thread 0x7ca66000 Uncommon trap: reason=class_check action=maybe_recompile pc=0xb3257200 method=java.util.Properties$LineReader.readLine()I @ 62
Event: 8.996 Thread 0x7ca66000 Uncommon trap: reason=class_check action=maybe_recompile pc=0xb3257200 method=java.util.Properties$LineReader.readLine()I @ 62
Event: 19.875 Thread 0x7dcc2400 Uncommon trap: reason=intrinsic action=make_not_entrant pc=0xb327e028 method=image_aproximation.ApxPanel.computeFitness()V @ 135
Event: 20.077 Thread 0x7dcc2400 Uncommon trap: reason=intrinsic action=make_not_entrant pc=0xb32989a8 method=image_aproximation.ApxPanel.computeFitness()V @ 160
Event: 20.089 Thread 0x7dcc2400 Uncommon trap: reason=intrinsic action=make_not_entrant pc=0xb327f54c method=image_aproximation.ApxPanel.computeFitness()V @ 147
Event: 20.097 Thread 0x7dcc2400 Uncommon trap: reason=intrinsic action=make_not_entrant pc=0xb329bff0 method=image_aproximation.ApxPanel.computeFitness()V @ 174
Event: 20.933 Thread 0x7ca66000 Uncommon trap: reason=null_check action=make_not_entrant pc=0xb326a100 method=sun.java2d.pipe.AlphaPaintPipe.renderPathTile(Ljava/lang/Object;[BIIIIII)V @ 57
Event: 22.094 Thread 0x7ca50c00 Uncommon trap: reason=unreached action=reinterpret pc=0xb3295d78 method=java.util.Hashtable.remove(Ljava/lang/Object;)Ljava/lang/Object; @ 52

Internal exceptions (10 events):
Event: 7.829 Thread 0x7ca66000 Threw 0xa4ff6960 at /build/java7-openjdk/src/icedtea-2.5.1/openjdk/hotspot/src/share/vm/prims/jvm.cpp:1247
Event: 10.242 Thread 0x7ca66000 Threw 0xa50932a8 at /build/java7-openjdk/src/icedtea-2.5.1/openjdk/hotspot/src/share/vm/prims/jni.cpp:747
Event: 18.228 Thread 0x7dcc2400 Threw 0xa50c74c0 at /build/java7-openjdk/src/icedtea-2.5.1/openjdk/hotspot/src/share/vm/prims/jvm.cpp:1247
Event: 18.250 Thread 0x7dcc2400 Threw 0xa50c9e88 at /build/java7-openjdk/src/icedtea-2.5.1/openjdk/hotspot/src/share/vm/prims/jvm.cpp:1247
Event: 18.255 Thread 0x7dcc2400 Threw 0xa50cdd08 at /build/java7-openjdk/src/icedtea-2.5.1/openjdk/hotspot/src/share/vm/prims/jvm.cpp:1247
Event: 18.262 Thread 0x7dcc2400 Threw 0xa514e738 at /build/java7-openjdk/src/icedtea-2.5.1/openjdk/hotspot/src/share/vm/prims/jvm.cpp:1247
Event: 18.513 Thread 0x7ca66000 Threw 0xa50c5ef0 at /build/java7-openjdk/src/icedtea-2.5.1/openjdk/hotspot/src/share/vm/prims/jvm.cpp:1247
Event: 18.514 Thread 0x7ca66000 Threw 0xa519e508 at /build/java7-openjdk/src/icedtea-2.5.1/openjdk/hotspot/src/share/vm/prims/jvm.cpp:1247
Event: 18.965 Thread 0x7ca66000 Threw 0xa4dcc228 at /build/java7-openjdk/src/icedtea-2.5.1/openjdk/hotspot/src/share/vm/prims/jni.cpp:747
Event: 20.933 Thread 0x7ca66000 Implicit null exception at 0xb3267ce9 to 0xb326a081

Events (10 events):
Event: 23.703 Executing VM operation: ParallelGCFailedAllocation done
Event: 24.436 Executing VM operation: ParallelGCFailedAllocation
Event: 24.445 Executing VM operation: ParallelGCFailedAllocation done
Event: 25.964 Executing VM operation: ParallelGCFailedAllocation
Event: 25.975 Executing VM operation: ParallelGCFailedAllocation done
Event: 27.750 Executing VM operation: ParallelGCFailedAllocation
Event: 27.769 Executing VM operation: ParallelGCFailedAllocation done
Event: 29.848 Executing VM operation: BulkRevokeBias
Event: 29.848 Executing VM operation: BulkRevokeBias done
Event: 30.510 Executing VM operation: ParallelGCFailedAllocation


Dynamic libraries:
08048000-08049000 r-xp 00000000 08:05 559993     /usr/lib/jvm/java-7-openjdk/jre/bin/java
08049000-0804a000 rw-p 00000000 08:05 559993     /usr/lib/jvm/java-7-openjdk/jre/bin/java
08615000-08636000 rw-p 00000000 00:00 0          [heap]
7bb00000-7bcc3000 rw-p 00000000 00:00 0 
7bcc3000-7bd00000 ---p 00000000 00:00 0 
7bd00000-7bd7d000 rw-p 00000000 00:00 0 
7bd7d000-7be00000 ---p 00000000 00:00 0 
7be00000-7bf00000 rw-p 00000000 00:00 0 
7bf00000-7bffc000 rw-p 00000000 00:00 0 
7bffc000-7c000000 ---p 00000000 00:00 0 
7c000000-7c0ff000 rw-p 00000000 00:00 0 
7c0ff000-7c100000 ---p 00000000 00:00 0 
7c100000-7c1f2000 rw-p 00000000 00:00 0 
7c1f2000-7c200000 ---p 00000000 00:00 0 
7c2c7000-7c400000 rw-s 00000000 00:04 30638093   /SYSV00000000 (deleted)
7c400000-7c500000 rw-p 00000000 00:00 0 
7c58b000-7c58e000 ---p 00000000 00:00 0 
7c58e000-7c5dc000 rwxp 00000000 00:00 0          [stack:10204]
7c5dc000-7c5df000 ---p 00000000 00:00 0 
7c5df000-7c62d000 rwxp 00000000 00:00 0          [stack:10203]
7c62d000-7c724000 rw-s 00000000 00:04 30605322   /SYSV00000000 (deleted)
7c724000-7c789000 r-xp 00000000 08:05 536327     /usr/lib/libnss_myhostname.so.2
7c789000-7c78a000 ---p 00065000 08:05 536327     /usr/lib/libnss_myhostname.so.2
7c78a000-7c78c000 r--p 00065000 08:05 536327     /usr/lib/libnss_myhostname.so.2
7c78c000-7c78d000 rw-p 00067000 08:05 536327     /usr/lib/libnss_myhostname.so.2
7c7b3000-7c7fe000 r-xp 00000000 08:05 559983     /usr/lib/jvm/java-7-openjdk/jre/lib/i386/libfontmanager.so
7c7fe000-7c800000 rw-p 0004b000 08:05 559983     /usr/lib/jvm/java-7-openjdk/jre/lib/i386/libfontmanager.so
7c800000-7c8f1000 rw-p 00000000 00:00 0 
7c8f1000-7c900000 ---p 00000000 00:00 0 
7c90d000-7c910000 ---p 00000000 00:00 0 
7c910000-7c95e000 rwxp 00000000 00:00 0          [stack:10158]
7c95e000-7c961000 ---p 00000000 00:00 0 
7c961000-7c9af000 rwxp 00000000 00:00 0          [stack:10157]
7c9af000-7c9b2000 ---p 00000000 00:00 0 
7c9b2000-7ca00000 rwxp 00000000 00:00 0          [stack:10156]
7ca00000-7ca8c000 rw-p 00000000 00:00 0 
7ca8c000-7cb00000 ---p 00000000 00:00 0 
7cb01000-7cb11000 r-xp 00000000 08:05 559968     /usr/lib/jvm/java-7-openjdk/jre/lib/i386/libnio.so
7cb11000-7cb12000 rw-p 0000f000 08:05 559968     /usr/lib/jvm/java-7-openjdk/jre/lib/i386/libnio.so
7cb12000-7cb28000 r-xp 00000000 08:05 559967     /usr/lib/jvm/java-7-openjdk/jre/lib/i386/libnet.so
7cb28000-7cb29000 rw-p 00015000 08:05 559967     /usr/lib/jvm/java-7-openjdk/jre/lib/i386/libnet.so
7cb29000-7cb2c000 ---p 00000000 00:00 0 
7cb2c000-7cb7a000 rwxp 00000000 00:00 0          [stack:10152]
7cb7a000-7cb96000 r-xp 00000000 08:05 548632     /usr/lib/libgraphite2.so.3.0.1
7cb96000-7cb97000 r--p 0001c000 08:05 548632     /usr/lib/libgraphite2.so.3.0.1
7cb97000-7cb98000 rw-p 0001d000 08:05 548632     /usr/lib/libgraphite2.so.3.0.1
7cb98000-7cb9b000 r-xp 00000000 08:05 566623     /usr/lib/libkeyutils.so.1.5
7cb9b000-7cb9c000 r--p 00002000 08:05 566623     /usr/lib/libkeyutils.so.1.5
7cb9c000-7cb9d000 rw-p 00003000 08:05 566623     /usr/lib/libkeyutils.so.1.5
7cb9d000-7cba8000 r-xp 00000000 08:05 542101     /usr/lib/libkrb5support.so.0.1
7cba8000-7cba9000 r--p 0000a000 08:05 542101     /usr/lib/libkrb5support.so.0.1
7cba9000-7cbaa000 rw-p 0000b000 08:05 542101     /usr/lib/libkrb5support.so.0.1
7cbaa000-7cbaf000 r-xp 00000000 08:05 543503     /usr/lib/libXdmcp.so.6.0.0
7cbaf000-7cbb0000 r--p 00004000 08:05 543503     /usr/lib/libXdmcp.so.6.0.0
7cbb0000-7cbb1000 rw-p 00005000 08:05 543503     /usr/lib/libXdmcp.so.6.0.0
7cbb1000-7cbb3000 r-xp 00000000 08:05 543504     /usr/lib/libXau.so.6.0.0
7cbb3000-7cbb4000 r--p 00001000 08:05 543504     /usr/lib/libXau.so.6.0.0
7cbb4000-7cbb5000 rw-p 00002000 08:05 543504     /usr/lib/libXau.so.6.0.0
7cbb5000-7cbc9000 r-xp 00000000 08:05 527553     /usr/lib/libresolv-2.19.so
7cbc9000-7cbca000 r--p 00013000 08:05 527553     /usr/lib/libresolv-2.19.so
7cbca000-7cbcb000 rw-p 00014000 08:05 527553     /usr/lib/libresolv-2.19.so
7cbcb000-7cbcd000 rw-p 00000000 00:00 0 
7cbcd000-7cc39000 r-xp 00000000 08:05 535126     /usr/lib/libpcre.so.1.2.3
7cc39000-7cc3a000 r--p 0006b000 08:05 535126     /usr/lib/libpcre.so.1.2.3
7cc3a000-7cc3b000 rw-p 0006c000 08:05 535126     /usr/lib/libpcre.so.1.2.3
7cc3b000-7cc96000 r-xp 00000000 08:05 548646     /usr/lib/libharfbuzz.so.0.930.0
7cc96000-7cc97000 r--p 0005b000 08:05 548646     /usr/lib/libharfbuzz.so.0.930.0
7cc97000-7cc98000 rw-p 0005c000 08:05 548646     /usr/lib/libharfbuzz.so.0.930.0
7cc98000-7ccd5000 r-xp 00000000 08:05 546787     /usr/lib/libpng16.so.16.12.0
7ccd5000-7ccd6000 r--p 0003c000 08:05 546787     /usr/lib/libpng16.so.16.12.0
7ccd6000-7ccd7000 rw-p 0003d000 08:05 546787     /usr/lib/libpng16.so.16.12.0
7ccd7000-7cce7000 r-xp 00000000 08:05 530567     /usr/lib/libbz2.so.1.0.6
7cce7000-7cce8000 rw-p 00010000 08:05 530567     /usr/lib/libbz2.so.1.0.6
7cce8000-7ccf1000 r-xp 00000000 08:05 527644     /usr/lib/libcrypt-2.19.so
7ccf1000-7ccf2000 r--p 00008000 08:05 527644     /usr/lib/libcrypt-2.19.so
7ccf2000-7ccf3000 rw-p 00009000 08:05 527644     /usr/lib/libcrypt-2.19.so
7ccf3000-7cd1a000 rw-p 00000000 00:00 0 
7cd1a000-7cd6e000 r-xp 00000000 08:05 535091     /usr/lib/libdbus-1.so.3.8.6
7cd6e000-7cd6f000 r--p 00053000 08:05 535091     /usr/lib/libdbus-1.so.3.8.6
7cd6f000-7cd70000 rw-p 00054000 08:05 535091     /usr/lib/libdbus-1.so.3.8.6
7cd70000-7cf4a000 r-xp 00000000 08:05 533555     /usr/lib/libcrypto.so.1.0.0
7cf4a000-7cf4b000 ---p 001da000 08:05 533555     /usr/lib/libcrypto.so.1.0.0
7cf4b000-7cf5b000 r--p 001da000 08:05 533555     /usr/lib/libcrypto.so.1.0.0
7cf5b000-7cf62000 rw-p 001ea000 08:05 533555     /usr/lib/libcrypto.so.1.0.0
7cf62000-7cf65000 rw-p 00000000 00:00 0 
7cf65000-7cfce000 r-xp 00000000 08:05 533556     /usr/lib/libssl.so.1.0.0
7cfce000-7cfd0000 r--p 00068000 08:05 533556     /usr/lib/libssl.so.1.0.0
7cfd0000-7cfd4000 rw-p 0006a000 08:05 533556     /usr/lib/libssl.so.1.0.0
7cfd4000-7d004000 r-xp 00000000 08:05 542099     /usr/lib/libk5crypto.so.3.1
7d004000-7d005000 r--p 0002f000 08:05 542099     /usr/lib/libk5crypto.so.3.1
7d005000-7d006000 rw-p 00030000 08:05 542099     /usr/lib/libk5crypto.so.3.1
7d006000-7d007000 rw-p 00000000 00:00 0 
7d007000-7d0cd000 r-xp 00000000 08:05 542078     /usr/lib/libkrb5.so.3.3
7d0cd000-7d0d3000 r--p 000c6000 08:05 542078     /usr/lib/libkrb5.so.3.3
7d0d3000-7d0d5000 rw-p 000cc000 08:05 542078     /usr/lib/libkrb5.so.3.3
7d0d5000-7d11b000 r-xp 00000000 08:05 542097     /usr/lib/libgssapi_krb5.so.2.2
7d11b000-7d11c000 r--p 00046000 08:05 542097     /usr/lib/libgssapi_krb5.so.2.2
7d11c000-7d11d000 rw-p 00047000 08:05 542097     /usr/lib/libgssapi_krb5.so.2.2
7d11d000-7d226000 r-xp 00000000 08:05 535370     /usr/lib/libglib-2.0.so.0.4000.0
7d226000-7d227000 r--p 00109000 08:05 535370     /usr/lib/libglib-2.0.so.0.4000.0
7d227000-7d228000 rw-p 0010a000 08:05 535370     /usr/lib/libglib-2.0.so.0.4000.0
7d228000-7d277000 r-xp 00000000 08:05 535373     /usr/lib/libgobject-2.0.so.0.4000.0
7d277000-7d278000 r--p 0004e000 08:05 535373     /usr/lib/libgobject-2.0.so.0.4000.0
7d278000-7d279000 rw-p 0004f000 08:05 535373     /usr/lib/libgobject-2.0.so.0.4000.0
7d279000-7d3f3000 r-xp 00000000 08:05 535374     /usr/lib/libgio-2.0.so.0.4000.0
7d3f3000-7d3f5000 r--p 0017a000 08:05 535374     /usr/lib/libgio-2.0.so.0.4000.0
7d3f5000-7d3f6000 rw-p 0017c000 08:05 535374     /usr/lib/libgio-2.0.so.0.4000.0
7d3f6000-7d3f7000 rw-p 00000000 00:00 0 
7d3f7000-7d496000 r-xp 00000000 08:05 546850     /usr/lib/libfreetype.so.6.11.2
7d496000-7d49a000 r--p 0009e000 08:05 546850     /usr/lib/libfreetype.so.6.11.2
7d49a000-7d49b000 rw-p 000a2000 08:05 546850     /usr/lib/libfreetype.so.6.11.2
7d49b000-7d4d5000 r-xp 00000000 08:05 564254     /usr/lib/libfontconfig.so.1.8.0
7d4d5000-7d4d6000 ---p 0003a000 08:05 564254     /usr/lib/libfontconfig.so.1.8.0
7d4d6000-7d4d7000 r--p 0003a000 08:05 564254     /usr/lib/libfontconfig.so.1.8.0
7d4d7000-7d4d8000 rw-p 0003b000 08:05 564254     /usr/lib/libfontconfig.so.1.8.0
7d4d8000-7d54e000 r-xp 00000000 08:05 549132     /usr/lib/libcups.so.2
7d54e000-7d553000 rw-p 00076000 08:05 549132     /usr/lib/libcups.so.2
7d553000-7d69e000 r-xp 00000000 08:05 546692     /usr/lib/libX11.so.6.3.0
7d69e000-7d69f000 ---p 0014b000 08:05 546692     /usr/lib/libX11.so.6.3.0
7d69f000-7d6a0000 r--p 0014b000 08:05 546692     /usr/lib/libX11.so.6.3.0
7d6a0000-7d6a3000 rw-p 0014c000 08:05 546692     /usr/lib/libX11.so.6.3.0
7d6a3000-7d6e7000 r-xp 00000000 08:05 801557     /usr/lib/jvm/java-7-openjdk/jre/lib/i386/xawt/libmawt.so
7d6e7000-7d6e9000 rw-p 00043000 08:05 801557     /usr/lib/jvm/java-7-openjdk/jre/lib/i386/xawt/libmawt.so
7d6e9000-7d6ea000 rw-p 00000000 00:00 0 
7d6ea000-7d777000 r-xp 00000000 08:05 559980     /usr/lib/jvm/java-7-openjdk/jre/lib/i386/libawt.so
7d777000-7d77f000 rw-p 0008c000 08:05 559980     /usr/lib/jvm/java-7-openjdk/jre/lib/i386/libawt.so
7d77f000-7d7a3000 rw-p 00000000 00:00 0 
7d7a3000-7d7a4000 ---p 00000000 00:00 0 
7d7a4000-7d875000 rwxp 00000000 00:00 0          [stack:10140]
7d875000-7d876000 ---p 00000000 00:00 0 
7d876000-7d8f6000 rwxp 00000000 00:00 0          [stack:10139]
7d8f6000-7d8f7000 ---p 00000000 00:00 0 
7d8f7000-7d977000 rwxp 00000000 00:00 0          [stack:10138]
7d977000-7db00000 r--p 00000000 08:05 566488     /usr/lib/locale/locale-archive
7db00000-7dbf7000 rw-p 00000000 00:00 0 
7dbf7000-7dc00000 ---p 00000000 00:00 0 
7dc00000-7dcfa000 rw-p 00000000 00:00 0 
7dcfa000-7dd00000 ---p 00000000 00:00 0 
7dd00000-7ddfa000 rw-p 00000000 00:00 0 
7ddfa000-7de00000 ---p 00000000 00:00 0 
7de02000-7de53000 rwxp 00000000 00:00 0          [stack:10137]
7de53000-7de54000 ---p 00000000 00:00 0 
7de54000-7ded4000 rwxp 00000000 00:00 0          [stack:10131]
7ded4000-7e086000 r--s 01d20000 08:05 559914     /usr/lib/jvm/java-7-openjdk/jre/lib/rt.jar
7e086000-7fd00000 rw-p 00000000 00:00 0 
7fd00000-7fdfb000 rw-p 00000000 00:00 0 
7fdfb000-7fe00000 ---p 00000000 00:00 0 
7fe00000-7fe03000 r-xp 00000000 08:05 535371     /usr/lib/libgmodule-2.0.so.0.4000.0
7fe03000-7fe04000 r--p 00002000 08:05 535371     /usr/lib/libgmodule-2.0.so.0.4000.0
7fe04000-7fe05000 rw-p 00003000 08:05 535371     /usr/lib/libgmodule-2.0.so.0.4000.0
7fe05000-7fe2b000 r-xp 00000000 08:05 535098     /usr/lib/libexpat.so.1.6.0
7fe2b000-7fe2d000 r--p 00025000 08:05 535098     /usr/lib/libexpat.so.1.6.0
7fe2d000-7fe2e000 rw-p 00027000 08:05 535098     /usr/lib/libexpat.so.1.6.0
7fe2e000-7fe7f000 rwxp 00000000 00:00 0          [stack:10133]
7fe7f000-7fe80000 ---p 00000000 00:00 0 
7fe80000-7ff00000 rwxp 00000000 00:00 0          [stack:10130]
7ff00000-7ff21000 rw-p 00000000 00:00 0 
7ff21000-80000000 ---p 00000000 00:00 0 
80000000-80006000 r-xp 00000000 08:05 535258     /usr/lib/libffi.so.6.0.2
80006000-80007000 r--p 00005000 08:05 535258     /usr/lib/libffi.so.6.0.2
80007000-80008000 rw-p 00006000 08:05 535258     /usr/lib/libffi.so.6.0.2
80008000-8002c000 r-xp 00000000 08:05 545825     /usr/lib/libxcb.so.1.1.0
8002c000-8002d000 r--p 00023000 08:05 545825     /usr/lib/libxcb.so.1.1.0
8002d000-8002e000 rw-p 00024000 08:05 545825     /usr/lib/libxcb.so.1.1.0
8002e000-8007f000 rwxp 00000000 00:00 0          [stack:10132]
8007f000-80080000 ---p 00000000 00:00 0 
80080000-80100000 rwxp 00000000 00:00 0          [stack:10129]
80100000-80121000 rw-p 00000000 00:00 0 
80121000-80200000 ---p 00000000 00:00 0 
80200000-80212000 r-xp 00000000 08:05 549069     /usr/lib/libavahi-client.so.3.2.9
80212000-80213000 r--p 00011000 08:05 549069     /usr/lib/libavahi-client.so.3.2.9
80213000-80214000 rw-p 00012000 08:05 549069     /usr/lib/libavahi-client.so.3.2.9
80214000-80221000 r-xp 00000000 08:05 549059     /usr/lib/libavahi-common.so.3.5.3
80221000-80222000 r--p 0000c000 08:05 549059     /usr/lib/libavahi-common.so.3.5.3
80222000-80223000 rw-p 0000d000 08:05 549059     /usr/lib/libavahi-common.so.3.5.3
80223000-80234000 r-xp 00000000 08:05 548786     /usr/lib/libXi.so.6.1.0
80234000-80235000 r--p 00010000 08:05 548786     /usr/lib/libXi.so.6.1.0
80235000-80236000 rw-p 00011000 08:05 548786     /usr/lib/libXi.so.6.1.0
80236000-8027f000 rw-p 00000000 00:00 0 
8027f000-80280000 ---p 00000000 00:00 0 
80280000-80300000 rwxp 00000000 00:00 0          [stack:10128]
80300000-80321000 rw-p 00000000 00:00 0 
80321000-80400000 ---p 00000000 00:00 0 
80400000-80403000 r-xp 00000000 08:05 536716     /usr/lib/libcom_err.so.2.1
80403000-80404000 r--p 00002000 08:05 536716     /usr/lib/libcom_err.so.2.1
80404000-80405000 rw-p 00003000 08:05 536716     /usr/lib/libcom_err.so.2.1
80405000-8040a000 r-xp 00000000 08:05 551402     /usr/lib/libXtst.so.6.1.0
8040a000-8040b000 r--p 00004000 08:05 551402     /usr/lib/libXtst.so.6.1.0
8040b000-8040c000 rw-p 00005000 08:05 551402     /usr/lib/libXtst.so.6.1.0
8040c000-8041d000 r-xp 00000000 08:05 546758     /usr/lib/libXext.so.6.4.0
8041d000-8041e000 r--p 00010000 08:05 546758     /usr/lib/libXext.so.6.4.0
8041e000-8041f000 rw-p 00011000 08:05 546758     /usr/lib/libXext.so.6.4.0
80423000-80428000 r-xp 00000000 08:05 527652     /usr/lib/libnss_dns-2.19.so
80428000-80429000 r--p 00004000 08:05 527652     /usr/lib/libnss_dns-2.19.so
80429000-8042a000 rw-p 00005000 08:05 527652     /usr/lib/libnss_dns-2.19.so
8042a000-8042e000 r-xp 00000000 08:05 547852     /usr/lib/libXfixes.so.3.1.0
8042e000-8042f000 r--p 00003000 08:05 547852     /usr/lib/libXfixes.so.3.1.0
8042f000-80430000 rw-p 00004000 08:05 547852     /usr/lib/libXfixes.so.3.1.0
80430000-8043a000 r-xp 00000000 08:05 548708     /usr/lib/libXcursor.so.1.0.2
8043a000-8043b000 r--p 00009000 08:05 548708     /usr/lib/libXcursor.so.1.0.2
8043b000-8043c000 rw-p 0000a000 08:05 548708     /usr/lib/libXcursor.so.1.0.2
8043c000-80445000 r--s 000b9000 08:05 559915     /usr/lib/jvm/java-7-openjdk/jre/lib/resources.jar
80445000-80446000 ---p 00000000 00:00 0 
80446000-804c6000 rwxp 00000000 00:00 0          [stack:10127]
804c6000-804d5000 rw-p 00000000 00:00 0 
804d5000-805aa000 rw-p 00000000 00:00 0 
805aa000-805b2000 rw-p 00000000 00:00 0 
805b2000-805ea000 rw-p 00000000 00:00 0 
805ea000-805f9000 rw-p 00000000 00:00 0 
805f9000-806cd000 rw-p 00000000 00:00 0 
806cd000-806eb000 rw-p 00000000 00:00 0 
806eb000-8073f000 rw-p 00000000 00:00 0 
8073f000-81740000 rw-p 00000000 00:00 0 
81740000-88740000 rw-p 00000000 00:00 0 
88740000-8a380000 rw-p 00000000 00:00 0 
8a380000-a4dc0000 rw-p 00000000 00:00 0 
a4dc0000-a8840000 rw-p 00000000 00:00 0 
aa940000-b3140000 rw-p 00000000 00:00 0 
b3140000-b3149000 rw-p 00000000 00:00 0 
b3149000-b3200000 rw-p 00000000 00:00 0 
b3200000-b3440000 rwxp 00000000 00:00 0 
b3440000-b62fe000 rw-p 00000000 00:00 0 
b62fe000-b6300000 ---p 00000000 00:00 0 
b6301000-b630a000 r-xp 00000000 08:05 548383     /usr/lib/libXrender.so.1.3.0
b630a000-b630b000 r--p 00008000 08:05 548383     /usr/lib/libXrender.so.1.3.0
b630b000-b630c000 rw-p 00009000 08:05 548383     /usr/lib/libXrender.so.1.3.0
b630c000-b6382000 rw-p 00000000 00:00 0 
b6382000-b63ba000 rw-p 00000000 00:00 0 
b63ba000-b63c2000 r-xp 00000000 08:05 559966     /usr/lib/jvm/java-7-openjdk/jre/lib/i386/libzip.so
b63c2000-b63c3000 rw-p 00007000 08:05 559966     /usr/lib/jvm/java-7-openjdk/jre/lib/i386/libzip.so
b63c3000-b63e8000 r-xp 00000000 08:05 559965     /usr/lib/jvm/java-7-openjdk/jre/lib/i386/libjava.so
b63e8000-b63e9000 rw-p 00025000 08:05 559965     /usr/lib/jvm/java-7-openjdk/jre/lib/i386/libjava.so
b63e9000-b63f0000 r-xp 00000000 08:05 527603     /usr/lib/librt-2.19.so
b63f0000-b63f1000 r--p 00007000 08:05 527603     /usr/lib/librt-2.19.so
b63f1000-b63f2000 rw-p 00008000 08:05 527603     /usr/lib/librt-2.19.so
b63f2000-b63f5000 ---p 00000000 00:00 0 
b63f5000-b6443000 rwxp 00000000 00:00 0          [stack:10126]
b6443000-b645f000 r-xp 00000000 08:05 531300     /usr/lib/libgcc_s.so.1
b645f000-b6460000 rw-p 0001b000 08:05 531300     /usr/lib/libgcc_s.so.1
b6460000-b64aa000 r-xp 00000000 08:05 527548     /usr/lib/libm-2.19.so
b64aa000-b64ab000 r--p 00049000 08:05 527548     /usr/lib/libm-2.19.so
b64ab000-b64ac000 rw-p 0004a000 08:05 527548     /usr/lib/libm-2.19.so
b64ac000-b6595000 r-xp 00000000 08:05 531305     /usr/lib/libstdc++.so.6.0.20
b6595000-b6596000 ---p 000e9000 08:05 531305     /usr/lib/libstdc++.so.6.0.20
b6596000-b659a000 r--p 000e9000 08:05 531305     /usr/lib/libstdc++.so.6.0.20
b659a000-b659b000 rw-p 000ed000 08:05 531305     /usr/lib/libstdc++.so.6.0.20
b659b000-b65a2000 rw-p 00000000 00:00 0 
b65a2000-b70e1000 r-xp 00000000 08:05 801554     /usr/lib/jvm/java-7-openjdk/jre/lib/i386/server/libjvm.so
b70e1000-b7149000 rw-p 00b3f000 08:05 801554     /usr/lib/jvm/java-7-openjdk/jre/lib/i386/server/libjvm.so
b7149000-b7567000 rw-p 00000000 00:00 0 
b7567000-b757c000 r-xp 00000000 08:05 530576     /usr/lib/libz.so.1.2.8
b757c000-b757d000 r--p 00014000 08:05 530576     /usr/lib/libz.so.1.2.8
b757d000-b757e000 rw-p 00015000 08:05 530576     /usr/lib/libz.so.1.2.8
b757e000-b7739000 r-xp 00000000 08:05 527611     /usr/lib/libc-2.19.so
b7739000-b773c000 r--p 001ba000 08:05 527611     /usr/lib/libc-2.19.so
b773c000-b773e000 rw-p 001bd000 08:05 527611     /usr/lib/libc-2.19.so
b773e000-b7740000 rw-p 00000000 00:00 0 
b7740000-b7743000 r-xp 00000000 08:05 527565     /usr/lib/libdl-2.19.so
b7743000-b7744000 r--p 00002000 08:05 527565     /usr/lib/libdl-2.19.so
b7744000-b7745000 rw-p 00003000 08:05 527565     /usr/lib/libdl-2.19.so
b7745000-b7746000 rw-p 00000000 00:00 0 
b7746000-b7752000 r-xp 00000000 08:05 801547     /usr/lib/jvm/java-7-openjdk/jre/lib/i386/jli/libjli.so
b7752000-b7753000 rw-p 0000b000 08:05 801547     /usr/lib/jvm/java-7-openjdk/jre/lib/i386/jli/libjli.so
b7753000-b776c000 r-xp 00000000 08:05 527630     /usr/lib/libpthread-2.19.so
b776c000-b776d000 r--p 00018000 08:05 527630     /usr/lib/libpthread-2.19.so
b776d000-b776e000 rw-p 00019000 08:05 527630     /usr/lib/libpthread-2.19.so
b776e000-b7770000 rw-p 00000000 00:00 0 
b7772000-b777a000 rw-s 00000000 00:20 1471776    /tmp/hsperfdata_vojcek/10119
b777a000-b7786000 r-xp 00000000 08:05 527601     /usr/lib/libnss_files-2.19.so
b7786000-b7787000 r--p 0000b000 08:05 527601     /usr/lib/libnss_files-2.19.so
b7787000-b7788000 rw-p 0000c000 08:05 527601     /usr/lib/libnss_files-2.19.so
b7788000-b7789000 rw-p 00000000 00:00 0 
b7789000-b778a000 ---p 00000000 00:00 0 
b778a000-b7795000 r-xp 00000000 08:05 559964     /usr/lib/jvm/java-7-openjdk/jre/lib/i386/libverify.so
b7795000-b7796000 rw-p 0000b000 08:05 559964     /usr/lib/jvm/java-7-openjdk/jre/lib/i386/libverify.so
b7796000-b7798000 r--p 00000000 00:00 0 
b7798000-b7799000 r-xp 00000000 00:00 0          [vdso]
b7799000-b77ba000 r-xp 00000000 08:05 527588     /usr/lib/ld-2.19.so
b77ba000-b77bb000 rw-p 00000000 00:00 0 
b77bb000-b77bc000 r--p 00021000 08:05 527588     /usr/lib/ld-2.19.so
b77bc000-b77bd000 rw-p 00022000 08:05 527588     /usr/lib/ld-2.19.so
bfbf0000-bfbf1000 rwxp 00000000 00:00 0 
bfc23000-bfc43000 rwxp 00000000 00:00 0          [stack]
bfc43000-bfc44000 rw-p 00000000 00:00 0 

VM Arguments:
jvm_args: -Dfile.encoding=UTF-8 
java_command: image_aproximation.Image_aproximation
Launcher Type: SUN_STANDARD

Environment Variables:
JAVA_HOME=/usr/lib/jvm/java-7-openjdk
PATH=/usr/local/sbin:/usr/local/bin:/usr/bin:/usr/bin/vendor_perl:/usr/bin/core_perl
LD_LIBRARY_PATH=/usr/lib/jvm/java-7-openjdk/bin/../jre/lib/amd64:/usr/lib/jvm/java-7-openjdk/bin/../jre/lib/i386:
SHELL=/bin/bash
DISPLAY=:0.0

Signal Handlers:
SIGSEGV: [libjvm.so+0x7ea540], sa_mask[0]=0x7ffbfeff, sa_flags=0x10000004
SIGBUS: [libjvm.so+0x7ea540], sa_mask[0]=0x7ffbfeff, sa_flags=0x10000004
SIGFPE: [libjvm.so+0x66d3e0], sa_mask[0]=0x7ffbfeff, sa_flags=0x10000004
SIGPIPE: [libjvm.so+0x66d3e0], sa_mask[0]=0x7ffbfeff, sa_flags=0x10000004
SIGXFSZ: [libjvm.so+0x66d3e0], sa_mask[0]=0x7ffbfeff, sa_flags=0x10000004
SIGILL: [libjvm.so+0x66d3e0], sa_mask[0]=0x7ffbfeff, sa_flags=0x10000004
SIGUSR1: SIG_DFL, sa_mask[0]=0x00000000, sa_flags=0x00000000
SIGUSR2: [libjvm.so+0x66d230], sa_mask[0]=0x00000004, sa_flags=0x10000004
SIGHUP: [libjvm.so+0x66d490], sa_mask[0]=0x7ffbfeff, sa_flags=0x10000004
SIGINT: SIG_IGN, sa_mask[0]=0x00000000, sa_flags=0x00000000
SIGTERM: [libjvm.so+0x66d490], sa_mask[0]=0x7ffbfeff, sa_flags=0x10000004
SIGQUIT: [libjvm.so+0x66d490], sa_mask[0]=0x7ffbfeff, sa_flags=0x10000004
SIGTRAP: SIG_DFL, sa_mask[0]=0x00000000, sa_flags=0x00000000


---------------  S Y S T E M  ---------------

OS:Linux
uname:Linux 3.15.5-2-ARCH #1 SMP PREEMPT Fri Jul 11 07:55:51 CEST 2014 i686
libc:glibc 2.19 NPTL 2.19 
rlimit: STACK 8192k, CORE 0k, NPROC 21747, NOFILE 4096, AS infinity
load average:3.48 2.82 1.81

/proc/meminfo:
MemTotal:        2787708 kB
MemFree:          144244 kB
MemAvailable:      93548 kB
Buffers:            2112 kB
Cached:           197816 kB
SwapCached:            0 kB
Active:          2348688 kB
Inactive:         169328 kB
Active(anon):    2326348 kB
Inactive(anon):   155856 kB
Active(file):      22340 kB
Inactive(file):    13472 kB
Unevictable:       14844 kB
Mlocked:           14844 kB
HighTotal:       1915648 kB
HighFree:          28908 kB
LowTotal:         872060 kB
LowFree:          115336 kB
SwapTotal:             0 kB
SwapFree:              0 kB
Dirty:               212 kB
Writeback:             0 kB
AnonPages:       2333472 kB
Mapped:           108224 kB
Shmem:            157972 kB
Slab:              38236 kB
SReclaimable:      19900 kB
SUnreclaim:        18336 kB
KernelStack:        3352 kB
PageTables:         9796 kB
NFS_Unstable:          0 kB
Bounce:                0 kB
WritebackTmp:          0 kB
CommitLimit:     1393852 kB
Committed_AS:    5576112 kB
VmallocTotal:     122880 kB
VmallocUsed:       39484 kB
VmallocChunk:      62004 kB
HardwareCorrupted:     0 kB
AnonHugePages:    811008 kB
HugePages_Total:       0
HugePages_Free:        0
HugePages_Rsvd:        0
HugePages_Surp:        0
Hugepagesize:       4096 kB
DirectMap4k:       16376 kB
DirectMap4M:      892928 kB


CPU:total 4 (2 cores per cpu, 2 threads per core) family 6 model 42 stepping 7, cmov, cx8, fxsr, mmx, sse, sse2, sse3, ssse3, sse4.1, sse4.2, popcnt, avx, aes, ht, tsc, tscinvbit

/proc/cpuinfo:
processor	: 0
vendor_id	: GenuineIntel
cpu family	: 6
model		: 42
model name	: Intel(R) Core(TM) i5-2430M CPU @ 2.40GHz
stepping	: 7
microcode	: 0x18
cpu MHz		: 2800.031
cache size	: 3072 KB
physical id	: 0
siblings	: 4
core id		: 0
cpu cores	: 2
apicid		: 0
initial apicid	: 0
fdiv_bug	: no
f00f_bug	: no
coma_bug	: no
fpu		: yes
fpu_exception	: yes
cpuid level	: 13
wp		: yes
flags		: fpu vme de pse tsc msr pae mce cx8 apic sep mtrr pge mca cmov pat pse36 clflush dts acpi mmx fxsr sse sse2 ss ht tm pbe nx rdtscp lm constant_tsc arch_perfmon pebs bts xtopology nonstop_tsc aperfmperf eagerfpu pni pclmulqdq dtes64 monitor ds_cpl vmx est tm2 ssse3 cx16 xtpr pdcm pcid sse4_1 sse4_2 x2apic popcnt tsc_deadline_timer aes xsave avx lahf_lm ida arat epb xsaveopt pln pts dtherm tpr_shadow vnmi flexpriority ept vpid
bogomips	: 4790.23
clflush size	: 64
cache_alignment	: 64
address sizes	: 36 bits physical, 48 bits virtual
power management:

processor	: 1
vendor_id	: GenuineIntel
cpu family	: 6
model		: 42
model name	: Intel(R) Core(TM) i5-2430M CPU @ 2.40GHz
stepping	: 7
microcode	: 0x18
cpu MHz		: 2800.031
cache size	: 3072 KB
physical id	: 0
siblings	: 4
core id		: 0
cpu cores	: 2
apicid		: 1
initial apicid	: 1
fdiv_bug	: no
f00f_bug	: no
coma_bug	: no
fpu		: yes
fpu_exception	: yes
cpuid level	: 13
wp		: yes
flags		: fpu vme de pse tsc msr pae mce cx8 apic sep mtrr pge mca cmov pat pse36 clflush dts acpi mmx fxsr sse sse2 ss ht tm pbe nx rdtscp lm constant_tsc arch_perfmon pebs bts xtopology nonstop_tsc aperfmperf eagerfpu pni pclmulqdq dtes64 monitor ds_cpl vmx est tm2 ssse3 cx16 xtpr pdcm pcid sse4_1 sse4_2 x2apic popcnt tsc_deadline_timer aes xsave avx lahf_lm ida arat epb xsaveopt pln pts dtherm tpr_shadow vnmi flexpriority ept vpid
bogomips	: 4790.23
clflush size	: 64
cache_alignment	: 64
address sizes	: 36 bits physical, 48 bits virtual
power management:

processor	: 2
vendor_id	: GenuineIntel
cpu family	: 6
model		: 42
model name	: Intel(R) Core(TM) i5-2430M CPU @ 2.40GHz
stepping	: 7
microcode	: 0x18
cpu MHz		: 2799.750
cache size	: 3072 KB
physical id	: 0
siblings	: 4
core id		: 1
cpu cores	: 2
apicid		: 2
initial apicid	: 2
fdiv_bug	: no
f00f_bug	: no
coma_bug	: no
fpu		: yes
fpu_exception	: yes
cpuid level	: 13
wp		: yes
flags		: fpu vme de pse tsc msr pae mce cx8 apic sep mtrr pge mca cmov pat pse36 clflush dts acpi mmx fxsr sse sse2 ss ht tm pbe nx rdtscp lm constant_tsc arch_perfmon pebs bts xtopology nonstop_tsc aperfmperf eagerfpu pni pclmulqdq dtes64 monitor ds_cpl vmx est tm2 ssse3 cx16 xtpr pdcm pcid sse4_1 sse4_2 x2apic popcnt tsc_deadline_timer aes xsave avx lahf_lm ida arat epb xsaveopt pln pts dtherm tpr_shadow vnmi flexpriority ept vpid
bogomips	: 4790.23
clflush size	: 64
cache_alignment	: 64
address sizes	: 36 bits physical, 48 bits virtual
power management:

processor	: 3
vendor_id	: GenuineIntel
cpu family	: 6
model		: 42
model name	: Intel(R) Core(TM) i5-2430M CPU @ 2.40GHz
stepping	: 7
microcode	: 0x18
cpu MHz		: 1809.750
cache size	: 3072 KB
physical id	: 0
siblings	: 4
core id		: 1
cpu cores	: 2
apicid		: 3
initial apicid	: 3
fdiv_bug	: no
f00f_bug	: no
coma_bug	: no
fpu		: yes
fpu_exception	: yes
cpuid level	: 13
wp		: yes
flags		: fpu vme de pse tsc msr pae mce cx8 apic sep mtrr pge mca cmov pat pse36 clflush dts acpi mmx fxsr sse sse2 ss ht tm pbe nx rdtscp lm constant_tsc arch_perfmon pebs bts xtopology nonstop_tsc aperfmperf eagerfpu pni pclmulqdq dtes64 monitor ds_cpl vmx est tm2 ssse3 cx16 xtpr pdcm pcid sse4_1 sse4_2 x2apic popcnt tsc_deadline_timer aes xsave avx lahf_lm ida arat epb xsaveopt pln pts dtherm tpr_shadow vnmi flexpriority ept vpid
bogomips	: 4790.23
clflush size	: 64
cache_alignment	: 64
address sizes	: 36 bits physical, 48 bits virtual
power management:



Memory: 4k page, physical 2787708k(144244k free), swap 0k(0k free)

vm_info: OpenJDK Server VM (24.65-b04) for linux-x86 JRE (1.7.0_65-b32), built on Jul 16 2014 12:29:39 by "nobody" with gcc 4.9.0 20140604 (prerelease)

time: Sat Jan 31 18:05:44 2015
elapsed time: 30 seconds

